<?xml version="1.0" encoding="UTF-8"?>
<!-- Generated by org.testng.reporters.JUnitReportReporter -->
<testsuite skipped="0" hostname="DESKTOP-L7AGLPD" name="com.wordpress.qa.test.LoginPageTest" tests="1" failures="0" timestamp="28 Sep 2020 17:14:16 GMT" time="5.400" errors="0">
  <testcase name="wordpressTest2" time="5.400" classname="com.wordpress.qa.test.LoginPageTest"/>
</testsuite> <!-- com.wordpress.qa.test.LoginPageTest -->
