<?xml version="1.0" encoding="UTF-8"?>
<!-- Generated by org.testng.reporters.JUnitReportReporter -->
<testsuite skipped="0" hostname="DESKTOP-L7AGLPD" name="com.wordpress.qa.test.LoginPageTest" tests="1" failures="0" timestamp="28 Sep 2020 11:03:32 GMT" time="10.104" errors="0">
  <testcase name="wordpressTest2" time="10.104" classname="com.wordpress.qa.test.LoginPageTest"/>
</testsuite> <!-- com.wordpress.qa.test.LoginPageTest -->
